11:39:04.448 [main] INFO  d.s.c.ls.C4LanguageServerLauncher - Starting ProcessIO Connection
11:39:04.450 [main] INFO  d.s.c.ls.C4LanguageServerLauncher - Launching C4LanguageServer started
11:39:04.796 [main] INFO  d.s.c.ls.service.C4LanguageServer - getTextDocumentService
11:39:04.913 [main] INFO  d.s.c.ls.service.C4LanguageServer - getWorkspaceService
11:39:04.913 [main] INFO  d.s.c.ls.service.C4LanguageServer - getTextDocumentService
11:39:04.931 [main] INFO  d.s.c.ls.service.C4LanguageServer - connect
11:39:05.017 [pool-1-thread-1] INFO  d.s.c.ls.service.C4LanguageServer - initialize
11:39:05.080 [pool-1-thread-1] INFO  d.s.c.l.s.C4TextDocumentService - didOpen file:///c%3A/Jup/arch/workspace.dsl
11:39:05.081 [ForkJoinPool.commonPool-worker-1] INFO  d.s.c.l.s.C4TextDocumentService - --> getDiagnostics 0
11:39:05.115 [ForkJoinPool.commonPool-worker-1] DEBUG d.s.c.ls.model.C4DocumentManager - createModel c:\Jup\arch\workspace.dsl
11:39:05.118 [ForkJoinPool.commonPool-worker-1] DEBUG d.s.c.ls.model.C4DocumentManager - Parsing...
11:39:05.122 [ForkJoinPool.commonPool-worker-2] INFO  d.s.c.ls.service.C4WorkspaceService - executeCommand c4-server.autoformat.indent
11:39:05.159 [ForkJoinPool.commonPool-worker-1] DEBUG d.s.c.ls.model.C4DocumentManager - onStartContext: workspace.dsl at linenumber 1, contextId: 1533661505, contextName WorkspaceDslContext
11:39:05.159 [ForkJoinPool.commonPool-worker-1] DEBUG d.s.c.ls.model.C4DocumentManager - getModel file: c:\Jup\arch\workspace.dsl
11:39:05.162 [ForkJoinPool.commonPool-worker-1] DEBUG d.s.c.ls.model.C4DocumentManager - onStartContext: workspace.dsl at linenumber 9, contextId: 904960391, contextName ModelDslContext
11:39:05.162 [ForkJoinPool.commonPool-worker-1] DEBUG d.s.c.ls.model.C4DocumentManager - getModel file: c:\Jup\arch\workspace.dsl
11:39:05.163 [ForkJoinPool.commonPool-worker-1] DEBUG d.s.c.ls.model.C4DocumentManager - onStartContext: workspace.dsl at linenumber 12, contextId: 1745163979, contextName PropertiesDslContext
11:39:05.163 [ForkJoinPool.commonPool-worker-1] DEBUG d.s.c.ls.model.C4DocumentManager - getModel file: c:\Jup\arch\workspace.dsl
11:39:05.164 [ForkJoinPool.commonPool-worker-1] DEBUG d.s.c.ls.model.C4DocumentManager - onEndContext: workspace.dsl at linenumber 14, contextId: 1745163979, contextName PropertiesDslContext
11:39:05.165 [ForkJoinPool.commonPool-worker-1] DEBUG d.s.c.ls.model.C4DocumentManager - getModel file: c:\Jup\arch\workspace.dsl
11:39:05.169 [ForkJoinPool.commonPool-worker-1] DEBUG d.s.c.ls.model.C4DocumentManager - onParsedModelElement identifier: user, modelId: 1 at linenumber: workspace.dsl, 18
11:39:05.169 [ForkJoinPool.commonPool-worker-1] DEBUG d.s.c.ls.model.C4DocumentManager - getModel file: c:\Jup\arch\workspace.dsl
11:39:05.171 [ForkJoinPool.commonPool-worker-1] DEBUG d.s.c.ls.model.C4DocumentManager - onParsedModelElement identifier: social, modelId: 2 at linenumber: workspace.dsl, 19
11:39:05.171 [ForkJoinPool.commonPool-worker-1] DEBUG d.s.c.ls.model.C4DocumentManager - getModel file: c:\Jup\arch\workspace.dsl
11:39:05.171 [ForkJoinPool.commonPool-worker-1] DEBUG d.s.c.ls.model.C4DocumentManager - onStartContext: workspace.dsl at linenumber 19, contextId: 1543887324, contextName SoftwareSystemDslContext
11:39:05.171 [ForkJoinPool.commonPool-worker-1] DEBUG d.s.c.ls.model.C4DocumentManager - getModel file: c:\Jup\arch\workspace.dsl
11:39:05.173 [ForkJoinPool.commonPool-worker-1] DEBUG d.s.c.ls.model.C4DocumentManager - onParsedModelElement identifier: client_service, modelId: 3 at linenumber: workspace.dsl, 22
11:39:05.174 [ForkJoinPool.commonPool-worker-1] DEBUG d.s.c.ls.model.C4DocumentManager - getModel file: c:\Jup\arch\workspace.dsl
11:39:05.174 [ForkJoinPool.commonPool-worker-1] DEBUG d.s.c.ls.model.C4DocumentManager - onStartContext: workspace.dsl at linenumber 22, contextId: 1749558705, contextName ContainerDslContext
11:39:05.174 [ForkJoinPool.commonPool-worker-1] DEBUG d.s.c.ls.model.C4DocumentManager - getModel file: c:\Jup\arch\workspace.dsl
11:39:05.177 [ForkJoinPool.commonPool-worker-1] DEBUG d.s.c.ls.model.C4DocumentManager - onEndContext: workspace.dsl at linenumber 24, contextId: 1749558705, contextName ContainerDslContext
11:39:05.177 [ForkJoinPool.commonPool-worker-1] DEBUG d.s.c.ls.model.C4DocumentManager - getModel file: c:\Jup\arch\workspace.dsl
11:39:05.177 [ForkJoinPool.commonPool-worker-1] DEBUG d.s.c.ls.model.C4DocumentManager - onParsedModelElement identifier: user_service, modelId: 4 at linenumber: workspace.dsl, 26
11:39:05.178 [ForkJoinPool.commonPool-worker-1] DEBUG d.s.c.ls.model.C4DocumentManager - getModel file: c:\Jup\arch\workspace.dsl
11:39:05.178 [ForkJoinPool.commonPool-worker-1] DEBUG d.s.c.ls.model.C4DocumentManager - onStartContext: workspace.dsl at linenumber 26, contextId: 729085415, contextName ContainerDslContext
11:39:05.178 [ForkJoinPool.commonPool-worker-1] DEBUG d.s.c.ls.model.C4DocumentManager - getModel file: c:\Jup\arch\workspace.dsl
11:39:05.178 [ForkJoinPool.commonPool-worker-1] DEBUG d.s.c.ls.model.C4DocumentManager - onEndContext: workspace.dsl at linenumber 28, contextId: 729085415, contextName ContainerDslContext
11:39:05.178 [ForkJoinPool.commonPool-worker-1] DEBUG d.s.c.ls.model.C4DocumentManager - getModel file: c:\Jup\arch\workspace.dsl
11:39:05.179 [ForkJoinPool.commonPool-worker-1] DEBUG d.s.c.ls.model.C4DocumentManager - onParsedModelElement identifier: post_service, modelId: 5 at linenumber: workspace.dsl, 30
11:39:05.179 [ForkJoinPool.commonPool-worker-1] DEBUG d.s.c.ls.model.C4DocumentManager - getModel file: c:\Jup\arch\workspace.dsl
11:39:05.179 [ForkJoinPool.commonPool-worker-1] DEBUG d.s.c.ls.model.C4DocumentManager - onStartContext: workspace.dsl at linenumber 30, contextId: 1108839796, contextName ContainerDslContext
11:39:05.179 [ForkJoinPool.commonPool-worker-1] DEBUG d.s.c.ls.model.C4DocumentManager - getModel file: c:\Jup\arch\workspace.dsl
11:39:05.180 [ForkJoinPool.commonPool-worker-1] DEBUG d.s.c.ls.model.C4DocumentManager - onEndContext: workspace.dsl at linenumber 32, contextId: 1108839796, contextName ContainerDslContext
11:39:05.180 [ForkJoinPool.commonPool-worker-1] DEBUG d.s.c.ls.model.C4DocumentManager - getModel file: c:\Jup\arch\workspace.dsl
11:39:05.180 [ForkJoinPool.commonPool-worker-1] DEBUG d.s.c.ls.model.C4DocumentManager - onParsedModelElement identifier: chat_service, modelId: 6 at linenumber: workspace.dsl, 34
11:39:05.180 [ForkJoinPool.commonPool-worker-1] DEBUG d.s.c.ls.model.C4DocumentManager - getModel file: c:\Jup\arch\workspace.dsl
11:39:05.180 [ForkJoinPool.commonPool-worker-1] DEBUG d.s.c.ls.model.C4DocumentManager - onStartContext: workspace.dsl at linenumber 34, contextId: 1544494263, contextName ContainerDslContext
11:39:05.180 [ForkJoinPool.commonPool-worker-1] DEBUG d.s.c.ls.model.C4DocumentManager - getModel file: c:\Jup\arch\workspace.dsl
11:39:05.181 [ForkJoinPool.commonPool-worker-1] DEBUG d.s.c.ls.model.C4DocumentManager - onEndContext: workspace.dsl at linenumber 36, contextId: 1544494263, contextName ContainerDslContext
11:39:05.181 [ForkJoinPool.commonPool-worker-1] DEBUG d.s.c.ls.model.C4DocumentManager - getModel file: c:\Jup\arch\workspace.dsl
11:39:05.182 [ForkJoinPool.commonPool-worker-1] DEBUG d.s.c.ls.model.C4DocumentManager - onStartContext: workspace.dsl at linenumber 38, contextId: 981807123, contextName SoftwareSystemDslContext
11:39:05.182 [ForkJoinPool.commonPool-worker-1] DEBUG d.s.c.ls.model.C4DocumentManager - getModel file: c:\Jup\arch\workspace.dsl
11:39:05.233 [ForkJoinPool.commonPool-worker-1] DEBUG d.s.c.ls.model.C4DocumentManager - onParsedModelElement identifier: user_database, modelId: 7 at linenumber: workspace.dsl, 39
11:39:05.233 [ForkJoinPool.commonPool-worker-1] DEBUG d.s.c.ls.model.C4DocumentManager - getModel file: c:\Jup\arch\workspace.dsl
11:39:05.233 [ForkJoinPool.commonPool-worker-1] DEBUG d.s.c.ls.model.C4DocumentManager - onStartContext: workspace.dsl at linenumber 39, contextId: 1477331806, contextName ContainerDslContext
11:39:05.233 [ForkJoinPool.commonPool-worker-1] DEBUG d.s.c.ls.model.C4DocumentManager - getModel file: c:\Jup\arch\workspace.dsl
11:39:05.233 [ForkJoinPool.commonPool-worker-1] DEBUG d.s.c.ls.model.C4DocumentManager - onEndContext: workspace.dsl at linenumber 43, contextId: 1477331806, contextName ContainerDslContext
11:39:05.233 [ForkJoinPool.commonPool-worker-1] DEBUG d.s.c.ls.model.C4DocumentManager - getModel file: c:\Jup\arch\workspace.dsl
11:39:05.233 [ForkJoinPool.commonPool-worker-1] DEBUG d.s.c.ls.model.C4DocumentManager - onParsedModelElement identifier: user_cache, modelId: 8 at linenumber: workspace.dsl, 45
11:39:05.234 [ForkJoinPool.commonPool-worker-1] DEBUG d.s.c.ls.model.C4DocumentManager - getModel file: c:\Jup\arch\workspace.dsl
11:39:05.234 [ForkJoinPool.commonPool-worker-1] DEBUG d.s.c.ls.model.C4DocumentManager - onStartContext: workspace.dsl at linenumber 45, contextId: 1504142467, contextName ContainerDslContext
11:39:05.234 [ForkJoinPool.commonPool-worker-1] DEBUG d.s.c.ls.model.C4DocumentManager - getModel file: c:\Jup\arch\workspace.dsl
11:39:05.234 [ForkJoinPool.commonPool-worker-1] DEBUG d.s.c.ls.model.C4DocumentManager - onEndContext: workspace.dsl at linenumber 49, contextId: 1504142467, contextName ContainerDslContext
11:39:05.234 [ForkJoinPool.commonPool-worker-1] DEBUG d.s.c.ls.model.C4DocumentManager - getModel file: c:\Jup\arch\workspace.dsl
11:39:05.234 [ForkJoinPool.commonPool-worker-1] DEBUG d.s.c.ls.model.C4DocumentManager - onParsedModelElement identifier: content_database, modelId: 9 at linenumber: workspace.dsl, 51
11:39:05.234 [ForkJoinPool.commonPool-worker-1] DEBUG d.s.c.ls.model.C4DocumentManager - getModel file: c:\Jup\arch\workspace.dsl
11:39:05.234 [ForkJoinPool.commonPool-worker-1] DEBUG d.s.c.ls.model.C4DocumentManager - onStartContext: workspace.dsl at linenumber 51, contextId: 1352531587, contextName ContainerDslContext
11:39:05.234 [ForkJoinPool.commonPool-worker-1] DEBUG d.s.c.ls.model.C4DocumentManager - getModel file: c:\Jup\arch\workspace.dsl
11:39:05.235 [ForkJoinPool.commonPool-worker-1] DEBUG d.s.c.ls.model.C4DocumentManager - onEndContext: workspace.dsl at linenumber 55, contextId: 1352531587, contextName ContainerDslContext
11:39:05.235 [ForkJoinPool.commonPool-worker-1] DEBUG d.s.c.ls.model.C4DocumentManager - getModel file: c:\Jup\arch\workspace.dsl
11:39:05.235 [ForkJoinPool.commonPool-worker-1] DEBUG d.s.c.ls.model.C4DocumentManager - onEndContext: workspace.dsl at linenumber 57, contextId: 981807123, contextName SoftwareSystemDslContext
11:39:05.235 [ForkJoinPool.commonPool-worker-1] DEBUG d.s.c.ls.model.C4DocumentManager - getModel file: c:\Jup\arch\workspace.dsl
11:39:05.238 [ForkJoinPool.commonPool-worker-1] DEBUG d.s.c.ls.model.C4DocumentManager - onParsedRelationShip 4->8, identifier: null, at linenumber: workspace.dsl, 59
11:39:05.238 [ForkJoinPool.commonPool-worker-1] DEBUG d.s.c.ls.model.C4DocumentManager - getModel file: c:\Jup\arch\workspace.dsl
11:39:05.239 [ForkJoinPool.commonPool-worker-1] DEBUG d.s.c.ls.model.C4DocumentManager - onParsedRelationShip 4->7, identifier: null, at linenumber: workspace.dsl, 60
11:39:05.239 [ForkJoinPool.commonPool-worker-1] DEBUG d.s.c.ls.model.C4DocumentManager - getModel file: c:\Jup\arch\workspace.dsl
11:39:05.239 [ForkJoinPool.commonPool-worker-1] DEBUG d.s.c.ls.model.C4DocumentManager - onParsedRelationShip 4->5, identifier: null, at linenumber: workspace.dsl, 61
11:39:05.239 [ForkJoinPool.commonPool-worker-1] DEBUG d.s.c.ls.model.C4DocumentManager - getModel file: c:\Jup\arch\workspace.dsl
11:39:05.239 [ForkJoinPool.commonPool-worker-1] DEBUG d.s.c.ls.model.C4DocumentManager - onParsedRelationShip 4->6, identifier: null, at linenumber: workspace.dsl, 62
11:39:05.239 [ForkJoinPool.commonPool-worker-1] DEBUG d.s.c.ls.model.C4DocumentManager - getModel file: c:\Jup\arch\workspace.dsl
11:39:05.240 [ForkJoinPool.commonPool-worker-1] DEBUG d.s.c.ls.model.C4DocumentManager - onParsedRelationShip 5->9, identifier: null, at linenumber: workspace.dsl, 64
11:39:05.240 [ForkJoinPool.commonPool-worker-1] DEBUG d.s.c.ls.model.C4DocumentManager - getModel file: c:\Jup\arch\workspace.dsl
11:39:05.240 [ForkJoinPool.commonPool-worker-1] DEBUG d.s.c.ls.model.C4DocumentManager - onParsedRelationShip 6->9, identifier: null, at linenumber: workspace.dsl, 65
11:39:05.240 [ForkJoinPool.commonPool-worker-1] DEBUG d.s.c.ls.model.C4DocumentManager - getModel file: c:\Jup\arch\workspace.dsl
11:39:05.240 [ForkJoinPool.commonPool-worker-1] DEBUG d.s.c.ls.model.C4DocumentManager - onParsedRelationShip 1->3, identifier: null, at linenumber: workspace.dsl, 67
11:39:05.240 [ForkJoinPool.commonPool-worker-1] DEBUG d.s.c.ls.model.C4DocumentManager - getModel file: c:\Jup\arch\workspace.dsl
11:39:05.240 [ForkJoinPool.commonPool-worker-1] DEBUG d.s.c.ls.model.C4DocumentManager - onParsedRelationShip 3->4, identifier: null, at linenumber: workspace.dsl, 69
11:39:05.240 [ForkJoinPool.commonPool-worker-1] DEBUG d.s.c.ls.model.C4DocumentManager - getModel file: c:\Jup\arch\workspace.dsl
11:39:05.241 [ForkJoinPool.commonPool-worker-1] DEBUG d.s.c.ls.model.C4DocumentManager - onEndContext: workspace.dsl at linenumber 71, contextId: 1543887324, contextName SoftwareSystemDslContext
11:39:05.241 [ForkJoinPool.commonPool-worker-1] DEBUG d.s.c.ls.model.C4DocumentManager - getModel file: c:\Jup\arch\workspace.dsl
11:39:05.241 [ForkJoinPool.commonPool-worker-1] DEBUG d.s.c.ls.model.C4DocumentManager - onStartContext: workspace.dsl at linenumber 74, contextId: 1749260279, contextName DeploymentEnvironmentDslContext
11:39:05.242 [ForkJoinPool.commonPool-worker-1] DEBUG d.s.c.ls.model.C4DocumentManager - getModel file: c:\Jup\arch\workspace.dsl
11:39:05.243 [ForkJoinPool.commonPool-worker-1] DEBUG d.s.c.ls.model.C4DocumentManager - onParsedModelElement identifier: null, modelId: 19 at linenumber: workspace.dsl, 75
11:39:05.244 [ForkJoinPool.commonPool-worker-1] DEBUG d.s.c.ls.model.C4DocumentManager - getModel file: c:\Jup\arch\workspace.dsl
11:39:05.244 [ForkJoinPool.commonPool-worker-1] DEBUG d.s.c.ls.model.C4DocumentManager - onStartContext: workspace.dsl at linenumber 75, contextId: 402631278, contextName DeploymentNodeDslContext
11:39:05.244 [ForkJoinPool.commonPool-worker-1] DEBUG d.s.c.ls.model.C4DocumentManager - getModel file: c:\Jup\arch\workspace.dsl
11:39:05.248 [ForkJoinPool.commonPool-worker-1] DEBUG d.s.c.ls.model.C4DocumentManager - onParsedModelElement identifier: null, modelId: 20 at linenumber: workspace.dsl, 76
11:39:05.248 [ForkJoinPool.commonPool-worker-1] DEBUG d.s.c.ls.model.C4DocumentManager - getModel file: c:\Jup\arch\workspace.dsl
11:39:05.248 [ForkJoinPool.commonPool-worker-1] DEBUG d.s.c.ls.model.C4DocumentManager - onEndContext: workspace.dsl at linenumber 77, contextId: 402631278, contextName DeploymentNodeDslContext
11:39:05.249 [ForkJoinPool.commonPool-worker-1] DEBUG d.s.c.ls.model.C4DocumentManager - getModel file: c:\Jup\arch\workspace.dsl
11:39:05.249 [ForkJoinPool.commonPool-worker-1] DEBUG d.s.c.ls.model.C4DocumentManager - onParsedModelElement identifier: null, modelId: 21 at linenumber: workspace.dsl, 79
11:39:05.249 [ForkJoinPool.commonPool-worker-1] DEBUG d.s.c.ls.model.C4DocumentManager - getModel file: c:\Jup\arch\workspace.dsl
11:39:05.249 [ForkJoinPool.commonPool-worker-1] DEBUG d.s.c.ls.model.C4DocumentManager - onStartContext: workspace.dsl at linenumber 79, contextId: 481466709, contextName DeploymentNodeDslContext
11:39:05.249 [ForkJoinPool.commonPool-worker-1] DEBUG d.s.c.ls.model.C4DocumentManager - getModel file: c:\Jup\arch\workspace.dsl
11:39:05.249 [ForkJoinPool.commonPool-worker-1] DEBUG d.s.c.ls.model.C4DocumentManager - onParsedModelElement identifier: null, modelId: 22 at linenumber: workspace.dsl, 80
11:39:05.250 [ForkJoinPool.commonPool-worker-1] DEBUG d.s.c.ls.model.C4DocumentManager - getModel file: c:\Jup\arch\workspace.dsl
11:39:05.250 [ForkJoinPool.commonPool-worker-1] DEBUG d.s.c.ls.model.C4DocumentManager - onEndContext: workspace.dsl at linenumber 81, contextId: 481466709, contextName DeploymentNodeDslContext
11:39:05.250 [ForkJoinPool.commonPool-worker-1] DEBUG d.s.c.ls.model.C4DocumentManager - getModel file: c:\Jup\arch\workspace.dsl
11:39:05.250 [ForkJoinPool.commonPool-worker-1] DEBUG d.s.c.ls.model.C4DocumentManager - onParsedModelElement identifier: null, modelId: 24 at linenumber: workspace.dsl, 83
11:39:05.250 [ForkJoinPool.commonPool-worker-1] DEBUG d.s.c.ls.model.C4DocumentManager - getModel file: c:\Jup\arch\workspace.dsl
11:39:05.250 [ForkJoinPool.commonPool-worker-1] DEBUG d.s.c.ls.model.C4DocumentManager - onStartContext: workspace.dsl at linenumber 83, contextId: 1803300936, contextName DeploymentNodeDslContext
11:39:05.250 [ForkJoinPool.commonPool-worker-1] DEBUG d.s.c.ls.model.C4DocumentManager - getModel file: c:\Jup\arch\workspace.dsl
11:39:05.251 [ForkJoinPool.commonPool-worker-1] DEBUG d.s.c.ls.model.C4DocumentManager - onParsedModelElement identifier: null, modelId: 25 at linenumber: workspace.dsl, 84
11:39:05.251 [ForkJoinPool.commonPool-worker-1] DEBUG d.s.c.ls.model.C4DocumentManager - getModel file: c:\Jup\arch\workspace.dsl
11:39:05.251 [ForkJoinPool.commonPool-worker-1] DEBUG d.s.c.ls.model.C4DocumentManager - onEndContext: workspace.dsl at linenumber 85, contextId: 1803300936, contextName DeploymentNodeDslContext
11:39:05.251 [ForkJoinPool.commonPool-worker-1] DEBUG d.s.c.ls.model.C4DocumentManager - getModel file: c:\Jup\arch\workspace.dsl
11:39:05.251 [ForkJoinPool.commonPool-worker-1] DEBUG d.s.c.ls.model.C4DocumentManager - onParsedModelElement identifier: null, modelId: 27 at linenumber: workspace.dsl, 87
11:39:05.251 [ForkJoinPool.commonPool-worker-1] DEBUG d.s.c.ls.model.C4DocumentManager - getModel file: c:\Jup\arch\workspace.dsl
11:39:05.251 [ForkJoinPool.commonPool-worker-1] DEBUG d.s.c.ls.model.C4DocumentManager - onStartContext: workspace.dsl at linenumber 87, contextId: 1717309974, contextName DeploymentNodeDslContext
11:39:05.251 [ForkJoinPool.commonPool-worker-1] DEBUG d.s.c.ls.model.C4DocumentManager - getModel file: c:\Jup\arch\workspace.dsl
11:39:05.251 [ForkJoinPool.commonPool-worker-1] DEBUG d.s.c.ls.model.C4DocumentManager - onParsedModelElement identifier: null, modelId: 28 at linenumber: workspace.dsl, 89
11:39:05.251 [ForkJoinPool.commonPool-worker-1] DEBUG d.s.c.ls.model.C4DocumentManager - getModel file: c:\Jup\arch\workspace.dsl
11:39:05.251 [ForkJoinPool.commonPool-worker-1] DEBUG d.s.c.ls.model.C4DocumentManager - onStartContext: workspace.dsl at linenumber 89, contextId: 897541094, contextName DeploymentNodeDslContext
11:39:05.251 [ForkJoinPool.commonPool-worker-1] DEBUG d.s.c.ls.model.C4DocumentManager - getModel file: c:\Jup\arch\workspace.dsl
11:39:05.252 [ForkJoinPool.commonPool-worker-1] DEBUG d.s.c.ls.model.C4DocumentManager - onParsedModelElement identifier: null, modelId: 29 at linenumber: workspace.dsl, 90
11:39:05.252 [ForkJoinPool.commonPool-worker-1] DEBUG d.s.c.ls.model.C4DocumentManager - getModel file: c:\Jup\arch\workspace.dsl
11:39:05.252 [ForkJoinPool.commonPool-worker-1] DEBUG d.s.c.ls.model.C4DocumentManager - onEndContext: workspace.dsl at linenumber 91, contextId: 897541094, contextName DeploymentNodeDslContext
11:39:05.252 [ForkJoinPool.commonPool-worker-1] DEBUG d.s.c.ls.model.C4DocumentManager - getModel file: c:\Jup\arch\workspace.dsl
11:39:05.252 [ForkJoinPool.commonPool-worker-1] DEBUG d.s.c.ls.model.C4DocumentManager - onParsedModelElement identifier: null, modelId: 31 at linenumber: workspace.dsl, 93
11:39:05.252 [ForkJoinPool.commonPool-worker-1] DEBUG d.s.c.ls.model.C4DocumentManager - getModel file: c:\Jup\arch\workspace.dsl
11:39:05.252 [ForkJoinPool.commonPool-worker-1] DEBUG d.s.c.ls.model.C4DocumentManager - onStartContext: workspace.dsl at linenumber 93, contextId: 1624481265, contextName DeploymentNodeDslContext
11:39:05.252 [ForkJoinPool.commonPool-worker-1] DEBUG d.s.c.ls.model.C4DocumentManager - getModel file: c:\Jup\arch\workspace.dsl
11:39:05.253 [ForkJoinPool.commonPool-worker-1] DEBUG d.s.c.ls.model.C4DocumentManager - onParsedModelElement identifier: null, modelId: 32 at linenumber: workspace.dsl, 94
11:39:05.253 [ForkJoinPool.commonPool-worker-1] DEBUG d.s.c.ls.model.C4DocumentManager - getModel file: c:\Jup\arch\workspace.dsl
11:39:05.253 [ForkJoinPool.commonPool-worker-1] DEBUG d.s.c.ls.model.C4DocumentManager - onEndContext: workspace.dsl at linenumber 96, contextId: 1624481265, contextName DeploymentNodeDslContext
11:39:05.253 [ForkJoinPool.commonPool-worker-1] DEBUG d.s.c.ls.model.C4DocumentManager - getModel file: c:\Jup\arch\workspace.dsl
11:39:05.253 [ForkJoinPool.commonPool-worker-1] DEBUG d.s.c.ls.model.C4DocumentManager - onParsedModelElement identifier: null, modelId: 35 at linenumber: workspace.dsl, 98
11:39:05.253 [ForkJoinPool.commonPool-worker-1] DEBUG d.s.c.ls.model.C4DocumentManager - getModel file: c:\Jup\arch\workspace.dsl
11:39:05.253 [ForkJoinPool.commonPool-worker-1] DEBUG d.s.c.ls.model.C4DocumentManager - onStartContext: workspace.dsl at linenumber 98, contextId: 1280941990, contextName DeploymentNodeDslContext
11:39:05.253 [ForkJoinPool.commonPool-worker-1] DEBUG d.s.c.ls.model.C4DocumentManager - getModel file: c:\Jup\arch\workspace.dsl
11:39:05.254 [ForkJoinPool.commonPool-worker-1] DEBUG d.s.c.ls.model.C4DocumentManager - onParsedModelElement identifier: null, modelId: 36 at linenumber: workspace.dsl, 99
11:39:05.254 [ForkJoinPool.commonPool-worker-1] DEBUG d.s.c.ls.model.C4DocumentManager - getModel file: c:\Jup\arch\workspace.dsl
11:39:05.254 [ForkJoinPool.commonPool-worker-1] DEBUG d.s.c.ls.model.C4DocumentManager - onEndContext: workspace.dsl at linenumber 100, contextId: 1280941990, contextName DeploymentNodeDslContext
11:39:05.254 [ForkJoinPool.commonPool-worker-1] DEBUG d.s.c.ls.model.C4DocumentManager - getModel file: c:\Jup\arch\workspace.dsl
11:39:05.254 [ForkJoinPool.commonPool-worker-1] DEBUG d.s.c.ls.model.C4DocumentManager - onEndContext: workspace.dsl at linenumber 101, contextId: 1717309974, contextName DeploymentNodeDslContext
11:39:05.254 [ForkJoinPool.commonPool-worker-1] DEBUG d.s.c.ls.model.C4DocumentManager - getModel file: c:\Jup\arch\workspace.dsl
11:39:05.254 [ForkJoinPool.commonPool-worker-1] DEBUG d.s.c.ls.model.C4DocumentManager - onEndContext: workspace.dsl at linenumber 103, contextId: 1749260279, contextName DeploymentEnvironmentDslContext
11:39:05.254 [ForkJoinPool.commonPool-worker-1] DEBUG d.s.c.ls.model.C4DocumentManager - getModel file: c:\Jup\arch\workspace.dsl
11:39:05.254 [ForkJoinPool.commonPool-worker-1] DEBUG d.s.c.ls.model.C4DocumentManager - onEndContext: workspace.dsl at linenumber 104, contextId: 904960391, contextName ModelDslContext
11:39:05.254 [ForkJoinPool.commonPool-worker-1] DEBUG d.s.c.ls.model.C4DocumentManager - getModel file: c:\Jup\arch\workspace.dsl
11:39:05.255 [ForkJoinPool.commonPool-worker-1] DEBUG d.s.c.ls.model.C4DocumentManager - onStartContext: workspace.dsl at linenumber 106, contextId: 609424165, contextName ViewsDslContext
11:39:05.255 [ForkJoinPool.commonPool-worker-1] DEBUG d.s.c.ls.model.C4DocumentManager - getModel file: c:\Jup\arch\workspace.dsl
11:39:05.257 [ForkJoinPool.commonPool-worker-1] DEBUG d.s.c.ls.model.C4DocumentManager - onStartContext: workspace.dsl at linenumber 109, contextId: 2076752497, contextName PropertiesDslContext
11:39:05.257 [ForkJoinPool.commonPool-worker-1] DEBUG d.s.c.ls.model.C4DocumentManager - getModel file: c:\Jup\arch\workspace.dsl
11:39:05.258 [ForkJoinPool.commonPool-worker-1] DEBUG d.s.c.ls.model.C4DocumentManager - onEndContext: workspace.dsl at linenumber 111, contextId: 2076752497, contextName PropertiesDslContext
11:39:05.258 [ForkJoinPool.commonPool-worker-1] DEBUG d.s.c.ls.model.C4DocumentManager - getModel file: c:\Jup\arch\workspace.dsl
11:39:05.258 [ForkJoinPool.commonPool-worker-1] DEBUG d.s.c.ls.model.C4DocumentManager - onStartContext: workspace.dsl at linenumber 112, contextId: 185007309, contextName CommentDslContext
11:39:05.258 [ForkJoinPool.commonPool-worker-1] DEBUG d.s.c.ls.model.C4DocumentManager - getModel file: c:\Jup\arch\workspace.dsl
11:39:05.258 [ForkJoinPool.commonPool-worker-1] DEBUG d.s.c.ls.model.C4DocumentManager - onEndContext: workspace.dsl at linenumber 116, contextId: 185007309, contextName CommentDslContext
11:39:05.258 [ForkJoinPool.commonPool-worker-1] DEBUG d.s.c.ls.model.C4DocumentManager - getModel file: c:\Jup\arch\workspace.dsl
11:39:05.264 [ForkJoinPool.commonPool-worker-1] DEBUG d.s.c.ls.model.C4DocumentManager - onParsedView View: SystemContext-001 at linenumber workspace.dsl, 119
11:39:05.264 [ForkJoinPool.commonPool-worker-1] DEBUG d.s.c.ls.model.C4DocumentManager - getModel file: c:\Jup\arch\workspace.dsl
11:39:05.264 [ForkJoinPool.commonPool-worker-1] DEBUG d.s.c.ls.model.C4DocumentManager - onStartContext: workspace.dsl at linenumber 119, contextId: 1465897794, contextName SystemContextViewDslContext
11:39:05.264 [ForkJoinPool.commonPool-worker-1] DEBUG d.s.c.ls.model.C4DocumentManager - getModel file: c:\Jup\arch\workspace.dsl
11:39:05.268 [ForkJoinPool.commonPool-worker-1] DEBUG d.s.c.ls.model.C4DocumentManager - onEndContext: workspace.dsl at linenumber 122, contextId: 1465897794, contextName SystemContextViewDslContext
11:39:05.268 [ForkJoinPool.commonPool-worker-1] DEBUG d.s.c.ls.model.C4DocumentManager - getModel file: c:\Jup\arch\workspace.dsl
11:39:05.269 [ForkJoinPool.commonPool-worker-1] DEBUG d.s.c.ls.model.C4DocumentManager - onParsedView View: Container-001 at linenumber workspace.dsl, 124
11:39:05.269 [ForkJoinPool.commonPool-worker-1] DEBUG d.s.c.ls.model.C4DocumentManager - getModel file: c:\Jup\arch\workspace.dsl
11:39:05.269 [ForkJoinPool.commonPool-worker-1] DEBUG d.s.c.ls.model.C4DocumentManager - onStartContext: workspace.dsl at linenumber 124, contextId: 539069135, contextName ContainerViewDslContext
11:39:05.269 [ForkJoinPool.commonPool-worker-1] DEBUG d.s.c.ls.model.C4DocumentManager - getModel file: c:\Jup\arch\workspace.dsl
11:39:05.271 [ForkJoinPool.commonPool-worker-1] DEBUG d.s.c.ls.model.C4DocumentManager - onEndContext: workspace.dsl at linenumber 127, contextId: 539069135, contextName ContainerViewDslContext
11:39:05.271 [ForkJoinPool.commonPool-worker-1] DEBUG d.s.c.ls.model.C4DocumentManager - getModel file: c:\Jup\arch\workspace.dsl
11:39:05.273 [ForkJoinPool.commonPool-worker-1] DEBUG d.s.c.ls.model.C4DocumentManager - onParsedView View: deployment at linenumber workspace.dsl, 129
11:39:05.273 [ForkJoinPool.commonPool-worker-1] DEBUG d.s.c.ls.model.C4DocumentManager - getModel file: c:\Jup\arch\workspace.dsl
11:39:05.273 [ForkJoinPool.commonPool-worker-1] DEBUG d.s.c.ls.model.C4DocumentManager - onStartContext: workspace.dsl at linenumber 129, contextId: 905640658, contextName DeploymentViewDslContext
11:39:05.273 [ForkJoinPool.commonPool-worker-1] DEBUG d.s.c.ls.model.C4DocumentManager - getModel file: c:\Jup\arch\workspace.dsl
11:39:05.279 [ForkJoinPool.commonPool-worker-1] DEBUG d.s.c.ls.model.C4DocumentManager - onEndContext: workspace.dsl at linenumber 132, contextId: 905640658, contextName DeploymentViewDslContext
11:39:05.279 [ForkJoinPool.commonPool-worker-1] DEBUG d.s.c.ls.model.C4DocumentManager - getModel file: c:\Jup\arch\workspace.dsl
11:39:05.281 [ForkJoinPool.commonPool-worker-1] DEBUG d.s.c.ls.model.C4DocumentManager - onParsedView View: UC01 at linenumber workspace.dsl, 135
11:39:05.281 [ForkJoinPool.commonPool-worker-1] DEBUG d.s.c.ls.model.C4DocumentManager - getModel file: c:\Jup\arch\workspace.dsl
11:39:05.281 [ForkJoinPool.commonPool-worker-1] DEBUG d.s.c.ls.model.C4DocumentManager - onStartContext: workspace.dsl at linenumber 135, contextId: 665992479, contextName DynamicViewDslContext
11:39:05.281 [ForkJoinPool.commonPool-worker-1] DEBUG d.s.c.ls.model.C4DocumentManager - getModel file: c:\Jup\arch\workspace.dsl
11:39:05.283 [ForkJoinPool.commonPool-worker-1] DEBUG d.s.c.ls.model.C4DocumentManager - onEndContext: workspace.dsl at linenumber 141, contextId: 665992479, contextName DynamicViewDslContext
11:39:05.284 [ForkJoinPool.commonPool-worker-1] DEBUG d.s.c.ls.model.C4DocumentManager - getModel file: c:\Jup\arch\workspace.dsl
11:39:05.284 [ForkJoinPool.commonPool-worker-1] DEBUG d.s.c.ls.model.C4DocumentManager - onParsedView View: UC02 at linenumber workspace.dsl, 143
11:39:05.284 [ForkJoinPool.commonPool-worker-1] DEBUG d.s.c.ls.model.C4DocumentManager - getModel file: c:\Jup\arch\workspace.dsl
11:39:05.284 [ForkJoinPool.commonPool-worker-1] DEBUG d.s.c.ls.model.C4DocumentManager - onStartContext: workspace.dsl at linenumber 143, contextId: 627487153, contextName DynamicViewDslContext
11:39:05.284 [ForkJoinPool.commonPool-worker-1] DEBUG d.s.c.ls.model.C4DocumentManager - getModel file: c:\Jup\arch\workspace.dsl
11:39:05.284 [ForkJoinPool.commonPool-worker-1] DEBUG d.s.c.ls.model.C4DocumentManager - onEndContext: workspace.dsl at linenumber 150, contextId: 627487153, contextName DynamicViewDslContext
11:39:05.284 [ForkJoinPool.commonPool-worker-1] DEBUG d.s.c.ls.model.C4DocumentManager - getModel file: c:\Jup\arch\workspace.dsl
11:39:05.285 [ForkJoinPool.commonPool-worker-1] DEBUG d.s.c.ls.model.C4DocumentManager - onParsedView View: UC03 at linenumber workspace.dsl, 152
11:39:05.285 [ForkJoinPool.commonPool-worker-1] DEBUG d.s.c.ls.model.C4DocumentManager - getModel file: c:\Jup\arch\workspace.dsl
11:39:05.285 [ForkJoinPool.commonPool-worker-1] DEBUG d.s.c.ls.model.C4DocumentManager - onStartContext: workspace.dsl at linenumber 152, contextId: 2009123861, contextName DynamicViewDslContext
11:39:05.285 [ForkJoinPool.commonPool-worker-1] DEBUG d.s.c.ls.model.C4DocumentManager - getModel file: c:\Jup\arch\workspace.dsl
11:39:05.285 [ForkJoinPool.commonPool-worker-1] DEBUG d.s.c.ls.model.C4DocumentManager - onEndContext: workspace.dsl at linenumber 158, contextId: 2009123861, contextName DynamicViewDslContext
11:39:05.285 [ForkJoinPool.commonPool-worker-1] DEBUG d.s.c.ls.model.C4DocumentManager - getModel file: c:\Jup\arch\workspace.dsl
11:39:05.285 [ForkJoinPool.commonPool-worker-1] DEBUG d.s.c.ls.model.C4DocumentManager - onParsedView View: UC11 at linenumber workspace.dsl, 160
11:39:05.285 [ForkJoinPool.commonPool-worker-1] DEBUG d.s.c.ls.model.C4DocumentManager - getModel file: c:\Jup\arch\workspace.dsl
11:39:05.285 [ForkJoinPool.commonPool-worker-1] DEBUG d.s.c.ls.model.C4DocumentManager - onStartContext: workspace.dsl at linenumber 160, contextId: 791265634, contextName DynamicViewDslContext
11:39:05.285 [ForkJoinPool.commonPool-worker-1] DEBUG d.s.c.ls.model.C4DocumentManager - getModel file: c:\Jup\arch\workspace.dsl
11:39:05.286 [ForkJoinPool.commonPool-worker-1] DEBUG d.s.c.ls.model.C4DocumentManager - onEndContext: workspace.dsl at linenumber 167, contextId: 791265634, contextName DynamicViewDslContext
11:39:05.286 [ForkJoinPool.commonPool-worker-1] DEBUG d.s.c.ls.model.C4DocumentManager - getModel file: c:\Jup\arch\workspace.dsl
11:39:05.286 [ForkJoinPool.commonPool-worker-1] DEBUG d.s.c.ls.model.C4DocumentManager - onParsedView View: UC12 at linenumber workspace.dsl, 169
11:39:05.286 [ForkJoinPool.commonPool-worker-1] DEBUG d.s.c.ls.model.C4DocumentManager - getModel file: c:\Jup\arch\workspace.dsl
11:39:05.286 [ForkJoinPool.commonPool-worker-1] DEBUG d.s.c.ls.model.C4DocumentManager - onStartContext: workspace.dsl at linenumber 169, contextId: 1777060492, contextName DynamicViewDslContext
11:39:05.286 [ForkJoinPool.commonPool-worker-1] DEBUG d.s.c.ls.model.C4DocumentManager - getModel file: c:\Jup\arch\workspace.dsl
11:39:05.287 [ForkJoinPool.commonPool-worker-1] DEBUG d.s.c.ls.model.C4DocumentManager - onEndContext: workspace.dsl at linenumber 175, contextId: 1777060492, contextName DynamicViewDslContext
11:39:05.287 [ForkJoinPool.commonPool-worker-1] DEBUG d.s.c.ls.model.C4DocumentManager - getModel file: c:\Jup\arch\workspace.dsl
11:39:05.287 [ForkJoinPool.commonPool-worker-1] DEBUG d.s.c.ls.model.C4DocumentManager - onParsedView View: UC21 at linenumber workspace.dsl, 177
11:39:05.287 [ForkJoinPool.commonPool-worker-1] DEBUG d.s.c.ls.model.C4DocumentManager - getModel file: c:\Jup\arch\workspace.dsl
11:39:05.287 [ForkJoinPool.commonPool-worker-1] DEBUG d.s.c.ls.model.C4DocumentManager - onStartContext: workspace.dsl at linenumber 177, contextId: 670386768, contextName DynamicViewDslContext
11:39:05.287 [ForkJoinPool.commonPool-worker-1] DEBUG d.s.c.ls.model.C4DocumentManager - getModel file: c:\Jup\arch\workspace.dsl
11:39:05.288 [ForkJoinPool.commonPool-worker-1] DEBUG d.s.c.ls.model.C4DocumentManager - onEndContext: workspace.dsl at linenumber 183, contextId: 670386768, contextName DynamicViewDslContext
11:39:05.288 [ForkJoinPool.commonPool-worker-1] DEBUG d.s.c.ls.model.C4DocumentManager - getModel file: c:\Jup\arch\workspace.dsl
11:39:05.288 [ForkJoinPool.commonPool-worker-1] DEBUG d.s.c.ls.model.C4DocumentManager - onParsedView View: UC22 at linenumber workspace.dsl, 185
11:39:05.288 [ForkJoinPool.commonPool-worker-1] DEBUG d.s.c.ls.model.C4DocumentManager - getModel file: c:\Jup\arch\workspace.dsl
11:39:05.288 [ForkJoinPool.commonPool-worker-1] DEBUG d.s.c.ls.model.C4DocumentManager - onStartContext: workspace.dsl at linenumber 185, contextId: 1482706514, contextName DynamicViewDslContext
11:39:05.288 [ForkJoinPool.commonPool-worker-1] DEBUG d.s.c.ls.model.C4DocumentManager - getModel file: c:\Jup\arch\workspace.dsl
11:39:05.289 [ForkJoinPool.commonPool-worker-1] DEBUG d.s.c.ls.model.C4DocumentManager - onEndContext: workspace.dsl at linenumber 191, contextId: 1482706514, contextName DynamicViewDslContext
11:39:05.289 [ForkJoinPool.commonPool-worker-1] DEBUG d.s.c.ls.model.C4DocumentManager - getModel file: c:\Jup\arch\workspace.dsl
11:39:05.289 [ForkJoinPool.commonPool-worker-1] DEBUG d.s.c.ls.model.C4DocumentManager - onStartContext: workspace.dsl at linenumber 197, contextId: 637967117, contextName StylesDslContext
11:39:05.289 [ForkJoinPool.commonPool-worker-1] DEBUG d.s.c.ls.model.C4DocumentManager - getModel file: c:\Jup\arch\workspace.dsl
11:39:05.291 [ForkJoinPool.commonPool-worker-1] DEBUG d.s.c.ls.model.C4DocumentManager - onStartContext: workspace.dsl at linenumber 198, contextId: 1916967140, contextName ElementStyleDslContext
11:39:05.292 [ForkJoinPool.commonPool-worker-1] DEBUG d.s.c.ls.model.C4DocumentManager - getModel file: c:\Jup\arch\workspace.dsl
11:39:05.292 [ForkJoinPool.commonPool-worker-1] DEBUG d.s.c.ls.model.C4DocumentManager - onEndContext: workspace.dsl at linenumber 200, contextId: 1916967140, contextName ElementStyleDslContext
11:39:05.292 [ForkJoinPool.commonPool-worker-1] DEBUG d.s.c.ls.model.C4DocumentManager - getModel file: c:\Jup\arch\workspace.dsl
11:39:05.293 [ForkJoinPool.commonPool-worker-1] DEBUG d.s.c.ls.model.C4DocumentManager - onEndContext: workspace.dsl at linenumber 201, contextId: 637967117, contextName StylesDslContext
11:39:05.293 [ForkJoinPool.commonPool-worker-1] DEBUG d.s.c.ls.model.C4DocumentManager - getModel file: c:\Jup\arch\workspace.dsl
11:39:05.293 [ForkJoinPool.commonPool-worker-1] DEBUG d.s.c.ls.model.C4DocumentManager - onEndContext: workspace.dsl at linenumber 202, contextId: 609424165, contextName ViewsDslContext
11:39:05.293 [ForkJoinPool.commonPool-worker-1] DEBUG d.s.c.ls.model.C4DocumentManager - getModel file: c:\Jup\arch\workspace.dsl
11:39:05.293 [ForkJoinPool.commonPool-worker-1] DEBUG d.s.c.ls.model.C4DocumentManager - onEndContext: workspace.dsl at linenumber 203, contextId: 1533661505, contextName WorkspaceDslContext
11:39:05.293 [ForkJoinPool.commonPool-worker-1] DEBUG d.s.c.ls.model.C4DocumentManager - getModel file: c:\Jup\arch\workspace.dsl
11:39:05.293 [ForkJoinPool.commonPool-worker-1] DEBUG d.s.c.ls.model.C4DocumentManager - Parsing finished
11:39:05.294 [ForkJoinPool.commonPool-worker-1] DEBUG d.s.c4dsl.ls.model.C4DocumentModel - setWorkspace SocArt
11:39:05.294 [ForkJoinPool.commonPool-worker-1] DEBUG d.s.c4dsl.ls.model.C4DocumentModel - setValid true
11:39:05.296 [ForkJoinPool.commonPool-worker-1] INFO  d.s.c.l.s.C4TextDocumentService - <-- getDiagnostics
11:39:21.927 [ForkJoinPool.commonPool-worker-1] INFO  d.s.c.ls.service.C4WorkspaceService - executeCommand c4-server.text-decorations
11:39:21.927 [ForkJoinPool.commonPool-worker-2] INFO  d.s.c.ls.service.C4WorkspaceService - executeCommand c4-server.text-decorations
11:39:21.928 [ForkJoinPool.commonPool-worker-1] INFO  d.s.c.l.s.C4TextDocumentService - textDecorations
11:39:21.928 [ForkJoinPool.commonPool-worker-2] INFO  d.s.c.l.s.C4TextDocumentService - textDecorations
11:39:21.928 [ForkJoinPool.commonPool-worker-1] INFO  d.s.c.l.s.C4TextDocumentService - --> getDocument
11:39:21.928 [ForkJoinPool.commonPool-worker-1] DEBUG d.s.c.ls.model.C4DocumentManager - getModel file: C:\Jup\arch\workspace.dsl
11:39:21.928 [ForkJoinPool.commonPool-worker-1] ERROR d.s.c.ls.model.C4DocumentManager - getModel - created through internal include C:\Jup\arch\workspace.dsl
11:39:21.928 [pool-1-thread-1] INFO  d.s.c.l.s.C4TextDocumentService - didSave file:///c%3A/Jup/arch/workspace.dsl
11:39:21.928 [ForkJoinPool.commonPool-worker-2] INFO  d.s.c.l.s.C4TextDocumentService - --> getDocument
11:39:21.928 [ForkJoinPool.commonPool-worker-2] DEBUG d.s.c.ls.model.C4DocumentManager - getModel file: C:\Jup\arch\workspace.dsl
11:39:21.929 [ForkJoinPool.commonPool-worker-2] INFO  d.s.c.l.s.C4TextDocumentService - <-- getDocument
11:39:21.929 [ForkJoinPool.commonPool-worker-1] INFO  d.s.c.l.s.C4TextDocumentService - <-- getDocument
11:39:21.929 [ForkJoinPool.commonPool-worker-1] ERROR d.s.c.l.s.C4TextDocumentService - textDecorations == null
11:39:21.929 [ForkJoinPool.commonPool-worker-2] ERROR d.s.c.l.s.C4TextDocumentService - textDecorations == null
11:39:21.987 [main] INFO  d.s.c.ls.C4LanguageServerLauncher - Launching C4LanguageServer finished
